<?xml version="1.0" encoding="UTF-8"?>
<robot generator="Robot 6.1.1 (Python 3.11.1 on win32)" generated="20231109 01:04:56.180" rpa="false" schemaversion="4">
<suite id="s1" name="testDemo6" source="C:\Users\dvurimel\PycharmProjects\RobotFramework\tests\testDemo6.robot">
<test id="s1-t1" name="Select the Card in the Shopping page" line="31">
<kw name="open the browser with the Mortgage payment url" library="resource" type="SETUP">
<kw name="Create Webdriver" library="SeleniumLibrary">
<arg>Chrome</arg>
<arg>/Users/dvurimel/Documents/Drivers/chromedriver-win64/chromedriver-win64/chromedriver</arg>
<doc>Creates an instance of Selenium WebDriver.</doc>
<msg timestamp="20231109 01:04:56.349" level="INFO">Creating an instance of the Chrome WebDriver.</msg>
<status status="PASS" starttime="20231109 01:04:56.348" endtime="20231109 01:04:58.714"/>
</kw>
<kw name="Go To" library="SeleniumLibrary">
<arg>${url}</arg>
<doc>Navigates the current browser window to the provided ``url``.</doc>
<msg timestamp="20231109 01:04:58.714" level="INFO">Opening url 'https://rahulshettyacademy.com/loginpagePractise/'</msg>
<status status="PASS" starttime="20231109 01:04:58.714" endtime="20231109 01:04:59.558"/>
</kw>
<status status="PASS" starttime="20231109 01:04:56.348" endtime="20231109 01:04:59.558"/>
</kw>
<kw name="Fill the login form">
<arg>${user_name}</arg>
<arg>${valid_password}</arg>
<kw name="Input Text" library="SeleniumLibrary">
<arg>id:username</arg>
<arg>${username}</arg>
<doc>Types the given ``text`` into the text field identified by ``locator``.</doc>
<msg timestamp="20231109 01:04:59.562" level="INFO">Typing text 'rahulshettyacademy' into text field 'id:username'.</msg>
<status status="PASS" starttime="20231109 01:04:59.560" endtime="20231109 01:04:59.686"/>
</kw>
<kw name="Input Password" library="SeleniumLibrary">
<arg>id:password</arg>
<arg>${password}</arg>
<doc>Types the given password into the text field identified by ``locator``.</doc>
<msg timestamp="20231109 01:04:59.686" level="INFO">Typing password into text field 'id:password'.</msg>
<msg timestamp="20231109 01:04:59.722" level="INFO">Temporally setting log level to: NONE</msg>
<msg timestamp="20231109 01:04:59.772" level="INFO">Log level changed from NONE to INFO.</msg>
<status status="PASS" starttime="20231109 01:04:59.686" endtime="20231109 01:04:59.772"/>
</kw>
<kw name="Click Button" library="SeleniumLibrary">
<arg>signInBtn</arg>
<doc>Clicks the button identified by ``locator``.</doc>
<msg timestamp="20231109 01:04:59.773" level="INFO">Clicking button 'signInBtn'.</msg>
<status status="PASS" starttime="20231109 01:04:59.772" endtime="20231109 01:04:59.820"/>
</kw>
<status status="PASS" starttime="20231109 01:04:59.559" endtime="20231109 01:04:59.820"/>
</kw>
<kw name="wait until Element is located in the page">
<arg>${Shop_page_load}</arg>
<kw name="Wait Until Element Is Visible" library="SeleniumLibrary">
<arg>${element}</arg>
<doc>Waits until the element ``locator`` is visible.</doc>
<status status="PASS" starttime="20231109 01:04:59.821" endtime="20231109 01:05:03.820"/>
</kw>
<status status="PASS" starttime="20231109 01:04:59.821" endtime="20231109 01:05:03.820"/>
</kw>
<kw name="Verify Card titles in the Shop page">
<kw name="Create List" library="BuiltIn">
<var>@{expectedList}</var>
<arg>iphone X</arg>
<arg>Samsung Note 8</arg>
<arg>Nokia Edge</arg>
<arg>Blackberry</arg>
<doc>Returns a list containing given items.</doc>
<msg timestamp="20231109 01:05:03.821" level="INFO">@{expectedList} = [ iphone X | Samsung Note 8 | Nokia Edge | Blackberry ]</msg>
<status status="PASS" starttime="20231109 01:05:03.820" endtime="20231109 01:05:03.821"/>
</kw>
<kw name="Get WebElements" library="SeleniumLibrary">
<var>${elements}</var>
<arg>css:.card-title</arg>
<doc>Returns a list of WebElement objects matching the ``locator``.</doc>
<msg timestamp="20231109 01:05:03.832" level="INFO">${elements} = [&lt;selenium.webdriver.remote.webelement.WebElement (session="c353888753ddddb05e8630db92cf8ebb", element="06905C3C02BAE85A1AB8BA1AC1FC8957_element_65")&gt;, &lt;selenium.webdriver.remote.webelement.WebElement...</msg>
<status status="PASS" starttime="20231109 01:05:03.821" endtime="20231109 01:05:03.832"/>
</kw>
<kw name="Create List" library="BuiltIn">
<var>@{actualList}</var>
<doc>Returns a list containing given items.</doc>
<msg timestamp="20231109 01:05:03.832" level="INFO">@{actualList} = [ ]</msg>
<status status="PASS" starttime="20231109 01:05:03.832" endtime="20231109 01:05:03.832"/>
</kw>
<for flavor="IN">
<var>${element}</var>
<value>@{elements}</value>
<iter>
<var name="${element}">&lt;selenium.webdriver.remote.webelement.WebElement (session="c353888753ddddb05e8630db92cf8ebb", element="06905C3C02BAE85A1AB8BA1AC1FC8957_element_65")&gt;</var>
<kw name="Log" library="BuiltIn">
<arg>${element.text}</arg>
<doc>Logs the given message with the given level.</doc>
<msg timestamp="20231109 01:05:03.844" level="INFO">iphone X</msg>
<status status="PASS" starttime="20231109 01:05:03.832" endtime="20231109 01:05:03.844"/>
</kw>
<kw name="Append To List" library="Collections">
<arg>${actualList}</arg>
<arg>${element.text}</arg>
<doc>Adds ``values`` to the end of ``list``.</doc>
<status status="PASS" starttime="20231109 01:05:03.845" endtime="20231109 01:05:03.852"/>
</kw>
<status status="PASS" starttime="20231109 01:05:03.832" endtime="20231109 01:05:03.852"/>
</iter>
<iter>
<var name="${element}">&lt;selenium.webdriver.remote.webelement.WebElement (session="c353888753ddddb05e8630db92cf8ebb", element="06905C3C02BAE85A1AB8BA1AC1FC8957_element_66")&gt;</var>
<kw name="Log" library="BuiltIn">
<arg>${element.text}</arg>
<doc>Logs the given message with the given level.</doc>
<msg timestamp="20231109 01:05:03.859" level="INFO">Samsung Note 8</msg>
<status status="PASS" starttime="20231109 01:05:03.852" endtime="20231109 01:05:03.859"/>
</kw>
<kw name="Append To List" library="Collections">
<arg>${actualList}</arg>
<arg>${element.text}</arg>
<doc>Adds ``values`` to the end of ``list``.</doc>
<status status="PASS" starttime="20231109 01:05:03.859" endtime="20231109 01:05:03.865"/>
</kw>
<status status="PASS" starttime="20231109 01:05:03.852" endtime="20231109 01:05:03.865"/>
</iter>
<iter>
<var name="${element}">&lt;selenium.webdriver.remote.webelement.WebElement (session="c353888753ddddb05e8630db92cf8ebb", element="06905C3C02BAE85A1AB8BA1AC1FC8957_element_67")&gt;</var>
<kw name="Log" library="BuiltIn">
<arg>${element.text}</arg>
<doc>Logs the given message with the given level.</doc>
<msg timestamp="20231109 01:05:03.870" level="INFO">Nokia Edge</msg>
<status status="PASS" starttime="20231109 01:05:03.865" endtime="20231109 01:05:03.870"/>
</kw>
<kw name="Append To List" library="Collections">
<arg>${actualList}</arg>
<arg>${element.text}</arg>
<doc>Adds ``values`` to the end of ``list``.</doc>
<status status="PASS" starttime="20231109 01:05:03.870" endtime="20231109 01:05:03.878"/>
</kw>
<status status="PASS" starttime="20231109 01:05:03.865" endtime="20231109 01:05:03.878"/>
</iter>
<iter>
<var name="${element}">&lt;selenium.webdriver.remote.webelement.WebElement (session="c353888753ddddb05e8630db92cf8ebb", element="06905C3C02BAE85A1AB8BA1AC1FC8957_element_68")&gt;</var>
<kw name="Log" library="BuiltIn">
<arg>${element.text}</arg>
<doc>Logs the given message with the given level.</doc>
<msg timestamp="20231109 01:05:03.882" level="INFO">Blackberry</msg>
<status status="PASS" starttime="20231109 01:05:03.878" endtime="20231109 01:05:03.882"/>
</kw>
<kw name="Append To List" library="Collections">
<arg>${actualList}</arg>
<arg>${element.text}</arg>
<doc>Adds ``values`` to the end of ``list``.</doc>
<status status="PASS" starttime="20231109 01:05:03.883" endtime="20231109 01:05:03.888"/>
</kw>
<status status="PASS" starttime="20231109 01:05:03.878" endtime="20231109 01:05:03.888"/>
</iter>
<status status="PASS" starttime="20231109 01:05:03.832" endtime="20231109 01:05:03.888"/>
</for>
<kw name="Lists Should Be Equal" library="Collections">
<arg>${expectedList}</arg>
<arg>${actualList}</arg>
<doc>Fails if given lists are unequal.</doc>
<status status="PASS" starttime="20231109 01:05:03.888" endtime="20231109 01:05:03.888"/>
</kw>
<status status="PASS" starttime="20231109 01:05:03.820" endtime="20231109 01:05:03.888"/>
</kw>
<kw name="Hello World" library="Shop">
<msg timestamp="20231109 01:05:03.889" level="INFO">hello</msg>
<status status="PASS" starttime="20231109 01:05:03.889" endtime="20231109 01:05:03.889"/>
</kw>
<kw name="Add Items To Cart And Checkout" library="Shop">
<arg>@{ListOfProducts}</arg>
<msg timestamp="20231109 01:05:03.889" level="FAIL">Keyword 'Shop.Add Items To Cart And Checkout' expected 1 argument, got 2.</msg>
<status status="FAIL" starttime="20231109 01:05:03.889" endtime="20231109 01:05:03.889"/>
</kw>
<status status="FAIL" starttime="20231109 01:04:56.348" endtime="20231109 01:05:03.889">Keyword 'Shop.Add Items To Cart And Checkout' expected 1 argument, got 2.</status>
</test>
<doc>To validate the Login form</doc>
<status status="FAIL" starttime="20231109 01:04:56.182" endtime="20231109 01:05:03.890"/>
</suite>
<statistics>
<total>
<stat pass="0" fail="1" skip="0">All Tests</stat>
</total>
<tag>
</tag>
<suite>
<stat pass="0" fail="1" skip="0" id="s1" name="testDemo6">testDemo6</stat>
</suite>
</statistics>
<errors>
</errors>
</robot>
